app/build/intermediates/manifest_merge_blame_file/debug/manifest-merger-blame-debug-report.txt
1<?xml version="1.0" encoding="utf-8"?>
2<manifest xmlns:android="http://schemas.android.com/apk/res/android"
3    package="com.weds.lordbond"
4    android:versionCode="1"
5    android:versionName="1.0" >
6
7    <uses-sdk
8        android:minSdkVersion="21"
8-->src\main\AndroidManifest.xml
9        android:targetSdkVersion="29" />
9-->src\main\AndroidManifest.xml
10
11    <uses-permission android:name="android.permission.INTERNET" />
11-->src\main\AndroidManifest.xml:5:5-67
11-->src\main\AndroidManifest.xml:5:22-64
12    <uses-permission android:name="android.permission.ACCESS_NETWORK_STATE" />
12-->src\main\AndroidManifest.xml:6:5-79
12-->src\main\AndroidManifest.xml:6:22-76
13
14    <application
14-->src\main\AndroidManifest.xml:8:5-31:19
15        android:name="com.weds.lordbond.helper.ApplicationLordBond"
15-->src\main\AndroidManifest.xml:9:9-51
16        android:allowBackup="true"
16-->src\main\AndroidManifest.xml:10:9-35
17        android:appComponentFactory="androidx.core.app.CoreComponentFactory"
17-->[androidx.core:core:1.1.0-alpha03] AndroidManifest.xml:22:18-86
18        android:debuggable="true"
19        android:icon="@mipmap/ic_launcher"
19-->src\main\AndroidManifest.xml:11:9-43
20        android:label="@string/app_name"
20-->src\main\AndroidManifest.xml:12:9-41
21        android:networkSecurityConfig="@xml/network_security_config"
21-->src\main\AndroidManifest.xml:14:9-69
22        android:roundIcon="@mipmap/ic_launcher_round"
22-->src\main\AndroidManifest.xml:13:9-54
23        android:supportsRtl="true"
23-->src\main\AndroidManifest.xml:16:9-35
24        android:testOnly="true"
25        android:theme="@style/AppTheme"
25-->src\main\AndroidManifest.xml:17:9-40
26        android:usesCleartextTraffic="true" >
26-->src\main\AndroidManifest.xml:15:9-44
27        <activity android:name="com.weds.lordbond.activity.EditProfileActivity" >
27-->src\main\AndroidManifest.xml:18:9-19:20
27-->src\main\AndroidManifest.xml:18:19-63
28        </activity>
29        <activity android:name="com.weds.lordbond.activity.ProfileActivity" />
29-->src\main\AndroidManifest.xml:20:9-62
29-->src\main\AndroidManifest.xml:20:19-59
30        <activity android:name="com.weds.lordbond.activity.DashBoradActivity" />
30-->src\main\AndroidManifest.xml:21:9-64
30-->src\main\AndroidManifest.xml:21:19-61
31        <activity android:name="com.weds.lordbond.activity.AuthActivity" />
31-->src\main\AndroidManifest.xml:22:9-59
31-->src\main\AndroidManifest.xml:22:19-56
32        <activity android:name="com.weds.lordbond.activity.SplashActivity" >
32-->src\main\AndroidManifest.xml:23:9-29:20
32-->src\main\AndroidManifest.xml:23:19-58
33            <intent-filter>
33-->src\main\AndroidManifest.xml:24:13-28:29
34                <action android:name="android.intent.action.MAIN" />
34-->src\main\AndroidManifest.xml:25:17-69
34-->src\main\AndroidManifest.xml:25:25-66
35
36                <category android:name="android.intent.category.LAUNCHER" />
36-->src\main\AndroidManifest.xml:27:17-77
36-->src\main\AndroidManifest.xml:27:27-74
37            </intent-filter>
38        </activity>
39        <activity android:name="com.weds.lordbond.MainActivity" />
39-->src\main\AndroidManifest.xml:30:9-50
39-->src\main\AndroidManifest.xml:30:19-47
40        <activity
40-->[com.google.firebase:firebase-auth:19.2.0] AndroidManifest.xml:24:9-31:50
41            android:name="com.google.firebase.auth.internal.FederatedSignInActivity"
41-->[com.google.firebase:firebase-auth:19.2.0] AndroidManifest.xml:25:13-85
42            android:excludeFromRecents="true"
42-->[com.google.firebase:firebase-auth:19.2.0] AndroidManifest.xml:26:13-46
43            android:exported="true"
43-->[com.google.firebase:firebase-auth:19.2.0] AndroidManifest.xml:27:13-36
44            android:launchMode="singleTask"
44-->[com.google.firebase:firebase-auth:19.2.0] AndroidManifest.xml:28:13-44
45            android:permission="com.google.firebase.auth.api.gms.permission.LAUNCH_FEDERATED_SIGN_IN"
45-->[com.google.firebase:firebase-auth:19.2.0] AndroidManifest.xml:29:13-102
46            android:theme="@android:style/Theme.Translucent.NoTitleBar" />
46-->[com.google.firebase:firebase-auth:19.2.0] AndroidManifest.xml:30:13-72
47
48        <service
48-->[com.google.firebase:firebase-auth:19.2.0] AndroidManifest.xml:33:9-39:19
49            android:name="com.google.firebase.components.ComponentDiscoveryService"
49-->[com.google.firebase:firebase-auth:19.2.0] AndroidManifest.xml:34:13-84
50            android:directBootAware="true"
50-->[com.google.firebase:firebase-common:19.3.0] AndroidManifest.xml:34:13-43
51            android:exported="false" >
51-->[com.google.firebase:firebase-auth:19.2.0] AndroidManifest.xml:35:13-37
52            <meta-data
52-->[com.google.firebase:firebase-auth:19.2.0] AndroidManifest.xml:36:13-38:85
53                android:name="com.google.firebase.components:com.google.firebase.auth.FirebaseAuthRegistrar"
53-->[com.google.firebase:firebase-auth:19.2.0] AndroidManifest.xml:37:17-109
54                android:value="com.google.firebase.components.ComponentRegistrar" />
54-->[com.google.firebase:firebase-auth:19.2.0] AndroidManifest.xml:38:17-82
55        </service>
56
57        <provider
57-->[com.kbeanie:multipicker:1.5] AndroidManifest.xml:12:9-20:20
58            android:name="com.kbeanie.multipicker.utils.AMPFileProvider"
58-->[com.kbeanie:multipicker:1.5] AndroidManifest.xml:13:13-73
59            android:authorities="com.weds.lordbond.multipicker.fileprovider"
59-->[com.kbeanie:multipicker:1.5] AndroidManifest.xml:14:13-76
60            android:exported="false"
60-->[com.kbeanie:multipicker:1.5] AndroidManifest.xml:15:13-37
61            android:grantUriPermissions="true" >
61-->[com.kbeanie:multipicker:1.5] AndroidManifest.xml:16:13-47
62            <meta-data
62-->[com.kbeanie:multipicker:1.5] AndroidManifest.xml:17:13-19:49
63                android:name="android.support.FILE_PROVIDER_PATHS"
63-->[com.kbeanie:multipicker:1.5] AndroidManifest.xml:18:17-67
64                android:resource="@xml/paths" />
64-->[com.kbeanie:multipicker:1.5] AndroidManifest.xml:19:17-46
65        </provider>
66
67        <activity
67-->[com.google.android.gms:play-services-base:17.1.0] AndroidManifest.xml:23:9-26:75
68            android:name="com.google.android.gms.common.api.GoogleApiActivity"
68-->[com.google.android.gms:play-services-base:17.1.0] AndroidManifest.xml:24:13-79
69            android:exported="false"
69-->[com.google.android.gms:play-services-base:17.1.0] AndroidManifest.xml:25:13-37
70            android:theme="@android:style/Theme.Translucent.NoTitleBar" />
70-->[com.google.android.gms:play-services-base:17.1.0] AndroidManifest.xml:26:13-72
71
72        <provider
72-->[com.google.firebase:firebase-common:19.3.0] AndroidManifest.xml:26:9-30:39
73            android:name="com.google.firebase.provider.FirebaseInitProvider"
73-->[com.google.firebase:firebase-common:19.3.0] AndroidManifest.xml:27:13-77
74            android:authorities="com.weds.lordbond.firebaseinitprovider"
74-->[com.google.firebase:firebase-common:19.3.0] AndroidManifest.xml:28:13-72
75            android:exported="false"
75-->[com.google.firebase:firebase-common:19.3.0] AndroidManifest.xml:29:13-37
76            android:initOrder="100" />
76-->[com.google.firebase:firebase-common:19.3.0] AndroidManifest.xml:30:13-36
77
78        <meta-data
78-->[com.google.android.gms:play-services-basement:17.0.0] AndroidManifest.xml:23:9-25:69
79            android:name="com.google.android.gms.version"
79-->[com.google.android.gms:play-services-basement:17.0.0] AndroidManifest.xml:24:13-58
80            android:value="@integer/google_play_services_version" />
80-->[com.google.android.gms:play-services-basement:17.0.0] AndroidManifest.xml:25:13-66
81    </application>
82
83</manifest>